[debug] [2025-06-07T17:41:55.392Z] ----------------------------------------------------------------------
[debug] [2025-06-07T17:41:55.394Z] Command:       C:\Program Files\nodejs\node.exe C:\Users\Legion\AppData\Roaming\npm\node_modules\firebase-tools\lib\bin\firebase.js init
[debug] [2025-06-07T17:41:55.394Z] CLI Version:   14.6.0
[debug] [2025-06-07T17:41:55.394Z] Platform:      win32
[debug] [2025-06-07T17:41:55.395Z] Node Version:  v22.13.0
[debug] [2025-06-07T17:41:55.395Z] Time:          Sat Jun 07 2025 22:41:55 GMT+0500 (Узбекистан, стандартное время)
[debug] [2025-06-07T17:41:55.395Z] ----------------------------------------------------------------------
[debug] 
[debug] [2025-06-07T17:41:55.400Z] > command requires scopes: ["email","openid","https://www.googleapis.com/auth/cloudplatformprojects.readonly","https://www.googleapis.com/auth/firebase","https://www.googleapis.com/auth/cloud-platform"]
[debug] [2025-06-07T17:41:55.401Z] > authorizing via signed-in user (kamoliddinfrontdev@gmail.com)
[info] 
     ######## #### ########  ######## ########     ###     ######  ########
     ##        ##  ##     ## ##       ##     ##  ##   ##  ##       ##
     ######    ##  ########  ######   ########  #########  ######  ######
     ##        ##  ##    ##  ##       ##     ## ##     ##       ## ##
     ##       #### ##     ## ######## ########  ##     ##  ######  ########

You're about to initialize a Firebase project in this directory:

  E:\e-qarizdor

[info] 
=== Project Setup
[info] 
[info] First, let's associate this project directory with a Firebase project.
[info] You can create multiple project aliases by running firebase use --add, 
[info] but for now we'll just set up a default project.
[info] 
[debug] [2025-06-07T17:42:14.650Z] Checked if tokens are valid: true, expires at: 1749321240854
[debug] [2025-06-07T17:42:14.651Z] Checked if tokens are valid: true, expires at: 1749321240854
[debug] [2025-06-07T17:42:14.652Z] >>> [apiv2][query] GET https://firebase.googleapis.com/v1beta1/projects pageSize=100
[debug] [2025-06-07T17:42:15.434Z] <<< [apiv2][status] GET https://firebase.googleapis.com/v1beta1/projects 200
[debug] [2025-06-07T17:42:15.434Z] <<< [apiv2][body] GET https://firebase.googleapis.com/v1beta1/projects [omitted]
[info] i  Using project e-qarizdorlik (e-qarizdorlik) 
[info] 
=== Firestore Setup
[info] i  firestore: ensuring required API firestore.googleapis.com is enabled... 
[debug] [2025-06-07T17:42:16.598Z] Checked if tokens are valid: true, expires at: 1749321240854
[debug] [2025-06-07T17:42:16.598Z] Checked if tokens are valid: true, expires at: 1749321240854
[debug] [2025-06-07T17:42:16.598Z] >>> [apiv2][query] GET https://serviceusage.googleapis.com/v1/projects/e-qarizdorlik/services/firestore.googleapis.com [none]
[debug] [2025-06-07T17:42:16.598Z] >>> [apiv2][(partial)header] GET https://serviceusage.googleapis.com/v1/projects/e-qarizdorlik/services/firestore.googleapis.com x-goog-quota-user=projects/e-qarizdorlik
[debug] [2025-06-07T17:42:17.853Z] <<< [apiv2][status] GET https://serviceusage.googleapis.com/v1/projects/e-qarizdorlik/services/firestore.googleapis.com 200
[debug] [2025-06-07T17:42:17.853Z] <<< [apiv2][body] GET https://serviceusage.googleapis.com/v1/projects/e-qarizdorlik/services/firestore.googleapis.com [omitted]
[info] +  firestore: required API firestore.googleapis.com is enabled 
[debug] [2025-06-07T17:42:17.854Z] Checked if tokens are valid: true, expires at: 1749321240854
[debug] [2025-06-07T17:42:17.854Z] Checked if tokens are valid: true, expires at: 1749321240854
[debug] [2025-06-07T17:42:17.854Z] >>> [apiv2][query] GET https://firestore.googleapis.com/v1/projects/e-qarizdorlik/databases [none]
[debug] [2025-06-07T17:42:18.764Z] <<< [apiv2][status] GET https://firestore.googleapis.com/v1/projects/e-qarizdorlik/databases 200
[debug] [2025-06-07T17:42:18.765Z] <<< [apiv2][body] GET https://firestore.googleapis.com/v1/projects/e-qarizdorlik/databases {}
[debug] [2025-06-07T17:42:18.765Z] Checked if tokens are valid: true, expires at: 1749321240854
[debug] [2025-06-07T17:42:18.765Z] Checked if tokens are valid: true, expires at: 1749321240854
[debug] [2025-06-07T17:42:18.766Z] >>> [apiv2][query] GET https://firestore.googleapis.com/v1/projects/e-qarizdorlik/locations [none]
[debug] [2025-06-07T17:42:18.979Z] <<< [apiv2][status] GET https://firestore.googleapis.com/v1/projects/e-qarizdorlik/locations 200
[debug] [2025-06-07T17:42:18.979Z] <<< [apiv2][body] GET https://firestore.googleapis.com/v1/projects/e-qarizdorlik/locations {"locations":[{"name":"projects/e-qarizdorlik/locations/eur3","labels":{"appengine.googleapis.com/geo":"europe-west","cloud.googleapis.com/location":"eur3","cloud.googleapis.com/geo":"eur3"},"metadata":{"@type":"type.googleapis.com/google.firestore.admin.v1.LocationMetadata"},"locationId":"eur3","displayName":"Europe"},{"name":"projects/e-qarizdorlik/locations/nam5","labels":{"appengine.googleapis.com/geo":"us-central","cloud.googleapis.com/location":"nam5","cloud.googleapis.com/geo":"nam5"},"metadata":{"@type":"type.googleapis.com/google.firestore.admin.v1.LocationMetadata"},"locationId":"nam5","displayName":"United States"},{"name":"projects/e-qarizdorlik/locations/nam7","labels":{"cloud.googleapis.com/location":"nam7","cloud.googleapis.com/geo":"nam7"},"metadata":{"@type":"type.googleapis.com/google.firestore.admin.v1.LocationMetadata"},"locationId":"nam7","displayName":"United States"},{"name":"projects/e-qarizdorlik/locations/africa-south1","labels":{"cloud.googleapis.com/location":"africa-south1","cloud.googleapis.com/region":"africa-south1"},"metadata":{"@type":"type.googleapis.com/google.firestore.admin.v1.LocationMetadata"},"locationId":"africa-south1","displayName":"Johannesburg"},{"name":"projects/e-qarizdorlik/locations/asia-east1","labels":{"appengine.googleapis.com/region":"asia-east1","cloud.googleapis.com/location":"asia-east1","cloud.googleapis.com/region":"asia-east1"},"metadata":{"@type":"type.googleapis.com/google.firestore.admin.v1.LocationMetadata"},"locationId":"asia-east1","displayName":"Taiwan"},{"name":"projects/e-qarizdorlik/locations/asia-east2","labels":{"appengine.googleapis.com/region":"asia-east2","cloud.googleapis.com/location":"asia-east2","cloud.googleapis.com/region":"asia-east2"},"metadata":{"@type":"type.googleapis.com/google.firestore.admin.v1.LocationMetadata"},"locationId":"asia-east2","displayName":"Hong Kong"},{"name":"projects/e-qarizdorlik/locations/asia-northeast1","labels":{"appengine.googleapis.com/region":"asia-northeast1","cloud.googleapis.com/location":"asia-northeast1","cloud.googleapis.com/region":"asia-northeast1"},"metadata":{"@type":"type.googleapis.com/google.firestore.admin.v1.LocationMetadata"},"locationId":"asia-northeast1","displayName":"Tokyo"},{"name":"projects/e-qarizdorlik/locations/asia-northeast2","labels":{"appengine.googleapis.com/region":"asia-northeast2","cloud.googleapis.com/location":"asia-northeast2","cloud.googleapis.com/region":"asia-northeast2"},"metadata":{"@type":"type.googleapis.com/google.firestore.admin.v1.LocationMetadata"},"locationId":"asia-northeast2","displayName":"Osaka"},{"name":"projects/e-qarizdorlik/locations/asia-northeast3","labels":{"appengine.googleapis.com/region":"asia-northeast3","cloud.googleapis.com/location":"asia-northeast3","cloud.googleapis.com/region":"asia-northeast3"},"metadata":{"@type":"type.googleapis.com/google.firestore.admin.v1.LocationMetadata"},"locationId":"asia-northeast3","displayName":"Seoul"},{"name":"projects/e-qarizdorlik/locations/asia-south1","labels":{"appengine.googleapis.com/region":"asia-south1","cloud.googleapis.com/location":"asia-south1","cloud.googleapis.com/region":"asia-south1"},"metadata":{"@type":"type.googleapis.com/google.firestore.admin.v1.LocationMetadata"},"locationId":"asia-south1","displayName":"Mumbai"},{"name":"projects/e-qarizdorlik/locations/asia-south2","labels":{"cloud.googleapis.com/location":"asia-south2","cloud.googleapis.com/region":"asia-south2"},"metadata":{"@type":"type.googleapis.com/google.firestore.admin.v1.LocationMetadata"},"locationId":"asia-south2","displayName":"Delhi"},{"name":"projects/e-qarizdorlik/locations/asia-southeast1","labels":{"appengine.googleapis.com/region":"asia-southeast1","cloud.googleapis.com/location":"asia-southeast1","cloud.googleapis.com/region":"asia-southeast1"},"metadata":{"@type":"type.googleapis.com/google.firestore.admin.v1.LocationMetadata"},"locationId":"asia-southeast1","displayName":"Singapore"},{"name":"projects/e-qarizdorlik/locations/asia-southeast2","labels":{"appengine.googleapis.com/region":"asia-southeast2","cloud.googleapis.com/location":"asia-southeast2","cloud.googleapis.com/region":"asia-southeast2"},"metadata":{"@type":"type.googleapis.com/google.firestore.admin.v1.LocationMetadata"},"locationId":"asia-southeast2","displayName":"Jakarta"},{"name":"projects/e-qarizdorlik/locations/australia-southeast1","labels":{"appengine.googleapis.com/region":"australia-southeast1","cloud.googleapis.com/location":"australia-southeast1","cloud.googleapis.com/region":"australia-southeast1"},"metadata":{"@type":"type.googleapis.com/google.firestore.admin.v1.LocationMetadata"},"locationId":"australia-southeast1","displayName":"Sydney"},{"name":"projects/e-qarizdorlik/locations/australia-southeast2","labels":{"cloud.googleapis.com/location":"australia-southeast2","cloud.googleapis.com/region":"australia-southeast2"},"metadata":{"@type":"type.googleapis.com/google.firestore.admin.v1.LocationMetadata"},"locationId":"australia-southeast2","displayName":"Melbourne"},{"name":"projects/e-qarizdorlik/locations/europe-central2","labels":{"appengine.googleapis.com/region":"europe-central2","cloud.googleapis.com/location":"europe-central2","cloud.googleapis.com/region":"europe-central2"},"metadata":{"@type":"type.googleapis.com/google.firestore.admin.v1.LocationMetadata"},"locationId":"europe-central2","displayName":"Warsaw"},{"name":"projects/e-qarizdorlik/locations/europe-north1","labels":{"cloud.googleapis.com/location":"europe-north1","cloud.googleapis.com/region":"europe-north1"},"metadata":{"@type":"type.googleapis.com/google.firestore.admin.v1.LocationMetadata"},"locationId":"europe-north1","displayName":"Finland"},{"name":"projects/e-qarizdorlik/locations/europe-north2","labels":{"cloud.googleapis.com/location":"europe-north2","cloud.googleapis.com/region":"europe-north2"},"metadata":{"@type":"type.googleapis.com/google.firestore.admin.v1.LocationMetadata"},"locationId":"europe-north2","displayName":"Stockholm"},{"name":"projects/e-qarizdorlik/locations/europe-southwest1","labels":{"cloud.googleapis.com/location":"europe-southwest1","cloud.googleapis.com/region":"europe-southwest1"},"metadata":{"@type":"type.googleapis.com/google.firestore.admin.v1.LocationMetadata"},"locationId":"europe-southwest1","displayName":"Madrid"},{"name":"projects/e-qarizdorlik/locations/europe-west1","labels":{"cloud.googleapis.com/location":"europe-west1","cloud.googleapis.com/region":"europe-west1"},"metadata":{"@type":"type.googleapis.com/google.firestore.admin.v1.LocationMetadata"},"locationId":"europe-west1","displayName":"Belgium"},{"name":"projects/e-qarizdorlik/locations/europe-west10","labels":{"cloud.googleapis.com/location":"europe-west10","cloud.googleapis.com/region":"europe-west10"},"metadata":{"@type":"type.googleapis.com/google.firestore.admin.v1.LocationMetadata"},"locationId":"europe-west10","displayName":"Berlin"},{"name":"projects/e-qarizdorlik/locations/europe-west12","labels":{"cloud.googleapis.com/location":"europe-west12","cloud.googleapis.com/region":"europe-west12"},"metadata":{"@type":"type.googleapis.com/google.firestore.admin.v1.LocationMetadata"},"locationId":"europe-west12","displayName":"Turin"},{"name":"projects/e-qarizdorlik/locations/europe-west2","labels":{"appengine.googleapis.com/region":"europe-west2","cloud.googleapis.com/location":"europe-west2","cloud.googleapis.com/region":"europe-west2"},"metadata":{"@type":"type.googleapis.com/google.firestore.admin.v1.LocationMetadata"},"locationId":"europe-west2","displayName":"London"},{"name":"projects/e-qarizdorlik/locations/europe-west3","labels":{"appengine.googleapis.com/region":"europe-west3","cloud.googleapis.com/location":"europe-west3","cloud.googleapis.com/region":"europe-west3"},"metadata":{"@type":"type.googleapis.com/google.firestore.admin.v1.LocationMetadata"},"locationId":"europe-west3","displayName":"Frankfurt"},{"name":"projects/e-qarizdorlik/locations/europe-west4","labels":{"cloud.googleapis.com/location":"europe-west4","cloud.googleapis.com/region":"europe-west4"},"metadata":{"@type":"type.googleapis.com/google.firestore.admin.v1.LocationMetadata"},"locationId":"europe-west4","displayName":"Netherlands"},{"name":"projects/e-qarizdorlik/locations/europe-west6","labels":{"appengine.googleapis.com/region":"europe-west6","cloud.googleapis.com/location":"europe-west6","cloud.googleapis.com/region":"europe-west6"},"metadata":{"@type":"type.googleapis.com/google.firestore.admin.v1.LocationMetadata"},"locationId":"europe-west6","displayName":"Zurich"},{"name":"projects/e-qarizdorlik/locations/europe-west8","labels":{"cloud.googleapis.com/location":"europe-west8","cloud.googleapis.com/region":"europe-west8"},"metadata":{"@type":"type.googleapis.com/google.firestore.admin.v1.LocationMetadata"},"locationId":"europe-west8","displayName":"Milan"},{"name":"projects/e-qarizdorlik/locations/europe-west9","labels":{"cloud.googleapis.com/location":"europe-west9","cloud.googleapis.com/region":"europe-west9"},"metadata":{"@type":"type.googleapis.com/google.firestore.admin.v1.LocationMetadata"},"locationId":"europe-west9","displayName":"Paris"},{"name":"projects/e-qarizdorlik/locations/me-central1","labels":{"cloud.googleapis.com/location":"me-central1","cloud.googleapis.com/region":"me-central1"},"metadata":{"@type":"type.googleapis.com/google.firestore.admin.v1.LocationMetadata"},"locationId":"me-central1","displayName":"Doha"},{"name":"projects/e-qarizdorlik/locations/me-central2","labels":{"cloud.googleapis.com/location":"me-central2","cloud.googleapis.com/region":"me-central2"},"metadata":{"@type":"type.googleapis.com/google.firestore.admin.v1.LocationMetadata"},"locationId":"me-central2","displayName":"Dammam"},{"name":"projects/e-qarizdorlik/locations/me-west1","labels":{"cloud.googleapis.com/location":"me-west1","cloud.googleapis.com/region":"me-west1"},"metadata":{"@type":"type.googleapis.com/google.firestore.admin.v1.LocationMetadata"},"locationId":"me-west1","displayName":"Tel Aviv"},{"name":"projects/e-qarizdorlik/locations/northamerica-northeast1","labels":{"appengine.googleapis.com/region":"northamerica-northeast1","cloud.googleapis.com/location":"northamerica-northeast1","cloud.googleapis.com/region":"northamerica-northeast1"},"metadata":{"@type":"type.googleapis.com/google.firestore.admin.v1.LocationMetadata"},"locationId":"northamerica-northeast1","displayName":"Montréal"},{"name":"projects/e-qarizdorlik/locations/northamerica-northeast2","labels":{"cloud.googleapis.com/location":"northamerica-northeast2","cloud.googleapis.com/region":"northamerica-northeast2"},"metadata":{"@type":"type.googleapis.com/google.firestore.admin.v1.LocationMetadata"},"locationId":"northamerica-northeast2","displayName":"Toronto"},{"name":"projects/e-qarizdorlik/locations/northamerica-south1","labels":{"cloud.googleapis.com/location":"northamerica-south1","cloud.googleapis.com/region":"northamerica-south1"},"metadata":{"@type":"type.googleapis.com/google.firestore.admin.v1.LocationMetadata"},"locationId":"northamerica-south1","displayName":"Mexico"},{"name":"projects/e-qarizdorlik/locations/southamerica-east1","labels":{"appengine.googleapis.com/region":"southamerica-east1","cloud.googleapis.com/location":"southamerica-east1","cloud.googleapis.com/region":"southamerica-east1"},"metadata":{"@type":"type.googleapis.com/google.firestore.admin.v1.LocationMetadata"},"locationId":"southamerica-east1","displayName":"São Paulo"},{"name":"projects/e-qarizdorlik/locations/southamerica-west1","labels":{"cloud.googleapis.com/location":"southamerica-west1","cloud.googleapis.com/region":"southamerica-west1"},"metadata":{"@type":"type.googleapis.com/google.firestore.admin.v1.LocationMetadata"},"locationId":"southamerica-west1","displayName":"Santiago"},{"name":"projects/e-qarizdorlik/locations/us-central1","labels":{"cloud.googleapis.com/location":"us-central1","cloud.googleapis.com/region":"us-central1"},"metadata":{"@type":"type.googleapis.com/google.firestore.admin.v1.LocationMetadata"},"locationId":"us-central1","displayName":"Iowa"},{"name":"projects/e-qarizdorlik/locations/us-east1","labels":{"appengine.googleapis.com/region":"us-east1","cloud.googleapis.com/location":"us-east1","cloud.googleapis.com/region":"us-east1"},"metadata":{"@type":"type.googleapis.com/google.firestore.admin.v1.LocationMetadata"},"locationId":"us-east1","displayName":"South Carolina"},{"name":"projects/e-qarizdorlik/locations/us-east4","labels":{"appengine.googleapis.com/region":"us-east4","cloud.googleapis.com/location":"us-east4","cloud.googleapis.com/region":"us-east4"},"metadata":{"@type":"type.googleapis.com/google.firestore.admin.v1.LocationMetadata"},"locationId":"us-east4","displayName":"Northern Virginia"},{"name":"projects/e-qarizdorlik/locations/us-east5","labels":{"cloud.googleapis.com/location":"us-east5","cloud.googleapis.com/region":"us-east5"},"metadata":{"@type":"type.googleapis.com/google.firestore.admin.v1.LocationMetadata"},"locationId":"us-east5","displayName":"Columbus"},{"name":"projects/e-qarizdorlik/locations/us-south1","labels":{"cloud.googleapis.com/location":"us-south1","cloud.googleapis.com/region":"us-south1"},"metadata":{"@type":"type.googleapis.com/google.firestore.admin.v1.LocationMetadata"},"locationId":"us-south1","displayName":"Dallas"},{"name":"projects/e-qarizdorlik/locations/us-west1","labels":{"appengine.googleapis.com/region":"us-west1","cloud.googleapis.com/location":"us-west1","cloud.googleapis.com/region":"us-west1"},"metadata":{"@type":"type.googleapis.com/google.firestore.admin.v1.LocationMetadata"},"locationId":"us-west1","displayName":"Oregon"},{"name":"projects/e-qarizdorlik/locations/us-west2","labels":{"appengine.googleapis.com/region":"us-west2","cloud.googleapis.com/location":"us-west2","cloud.googleapis.com/region":"us-west2"},"metadata":{"@type":"type.googleapis.com/google.firestore.admin.v1.LocationMetadata"},"locationId":"us-west2","displayName":"Los Angeles"},{"name":"projects/e-qarizdorlik/locations/us-west3","labels":{"appengine.googleapis.com/region":"us-west3","cloud.googleapis.com/location":"us-west3","cloud.googleapis.com/region":"us-west3"},"metadata":{"@type":"type.googleapis.com/google.firestore.admin.v1.LocationMetadata"},"locationId":"us-west3","displayName":"Salt Lake City"},{"name":"projects/e-qarizdorlik/locations/us-west4","labels":{"appengine.googleapis.com/region":"us-west4","cloud.googleapis.com/location":"us-west4","cloud.googleapis.com/region":"us-west4"},"metadata":{"@type":"type.googleapis.com/google.firestore.admin.v1.LocationMetadata"},"locationId":"us-west4","displayName":"Las Vegas"},{"name":"projects/e-qarizdorlik/locations/us-west8","labels":{"cloud.googleapis.com/location":"us-west8","cloud.googleapis.com/region":"us-west8"},"metadata":{"@type":"type.googleapis.com/google.firestore.admin.v1.LocationMetadata"},"locationId":"us-west8","displayName":"Phoenix"}]}
[info] 
[info] Firestore Security Rules allow you to define how and when to allow
[info] requests. You can keep these rules in your project directory
[info] and publish them with firebase deploy.
[info] 
[debug] [2025-06-07T17:42:30.058Z] Checked if tokens are valid: true, expires at: 1749321240854
[debug] [2025-06-07T17:42:30.059Z] Checked if tokens are valid: true, expires at: 1749321240854
[debug] [2025-06-07T17:42:30.059Z] >>> [apiv2][query] GET https://firebaserules.googleapis.com/v1/projects/e-qarizdorlik/releases pageSize=10&pageToken=
[debug] [2025-06-07T17:42:31.114Z] <<< [apiv2][status] GET https://firebaserules.googleapis.com/v1/projects/e-qarizdorlik/releases 200
[debug] [2025-06-07T17:42:31.115Z] <<< [apiv2][body] GET https://firebaserules.googleapis.com/v1/projects/e-qarizdorlik/releases {}
[info] i  firestore.rules is unchanged 
[info] 
[info] Firestore indexes allow you to perform complex queries while
[info] maintaining performance that scales with the size of the result
[info] set. You can keep index definitions in your project directory
[info] and publish them with firebase deploy.
[info] 
[debug] [2025-06-07T17:42:31.810Z] Checked if tokens are valid: true, expires at: 1749321240854
[debug] [2025-06-07T17:42:31.810Z] Checked if tokens are valid: true, expires at: 1749321240854
[debug] [2025-06-07T17:42:31.810Z] Checked if tokens are valid: true, expires at: 1749321240854
[debug] [2025-06-07T17:42:31.810Z] Checked if tokens are valid: true, expires at: 1749321240854
[debug] [2025-06-07T17:42:31.810Z] >>> [apiv2][query] GET https://firestore.googleapis.com/v1/projects/e-qarizdorlik/databases/(default)/collectionGroups/-/indexes [none]
[debug] [2025-06-07T17:42:31.813Z] >>> [apiv2][query] GET https://firestore.googleapis.com/v1/projects/e-qarizdorlik/databases/(default)/collectionGroups/-/fields?filter=indexConfig.usesAncestorConfig=false OR ttlConfig:* [none]
[debug] [2025-06-07T17:42:32.331Z] <<< [apiv2][status] GET https://firestore.googleapis.com/v1/projects/e-qarizdorlik/databases/(default)/collectionGroups/-/fields?filter=indexConfig.usesAncestorConfig=false OR ttlConfig:* 404
[debug] [2025-06-07T17:42:32.332Z] <<< [apiv2][body] GET https://firestore.googleapis.com/v1/projects/e-qarizdorlik/databases/(default)/collectionGroups/-/fields?filter=indexConfig.usesAncestorConfig=false OR ttlConfig:* {"error":{"code":404,"message":"Project 'e-qarizdorlik' or database '(default)' does not exist.","status":"NOT_FOUND"}}
[info] i  firestore.indexes.json is unchanged 
[info] +  Wrote firestore.indexes.json 
[info] 
=== Hosting Setup
[debug] [2025-06-07T17:42:32.340Z] Checked if tokens are valid: true, expires at: 1749321240854
[debug] [2025-06-07T17:42:32.340Z] Checked if tokens are valid: true, expires at: 1749321240854
[debug] [2025-06-07T17:42:32.341Z] >>> [apiv2][query] GET https://firebase.googleapis.com/v1beta1/projects/e-qarizdorlik [none]
[debug] [2025-06-07T17:42:32.346Z] <<< [apiv2][status] GET https://firestore.googleapis.com/v1/projects/e-qarizdorlik/databases/(default)/collectionGroups/-/indexes 404
[debug] [2025-06-07T17:42:32.346Z] <<< [apiv2][body] GET https://firestore.googleapis.com/v1/projects/e-qarizdorlik/databases/(default)/collectionGroups/-/indexes {"error":{"code":404,"message":"Project 'e-qarizdorlik' or database '(default)' does not exist.","status":"NOT_FOUND"}}
[debug] [2025-06-07T17:42:32.746Z] <<< [apiv2][status] GET https://firebase.googleapis.com/v1beta1/projects/e-qarizdorlik 200
[debug] [2025-06-07T17:42:32.746Z] <<< [apiv2][body] GET https://firebase.googleapis.com/v1beta1/projects/e-qarizdorlik {"projectId":"e-qarizdorlik","projectNumber":"975301245533","displayName":"e-qarizdorlik","name":"projects/e-qarizdorlik","resources":{"hostingSite":"e-qarizdorlik"},"state":"ACTIVE","etag":"1_b0ec8a85-e3bc-4e2c-a02b-9a23e3c3177b"}
[info] 
[info] Your public directory is the folder (relative to your project directory) that
[info] will contain Hosting assets to be uploaded with firebase deploy. If you
[info] have a build process for your assets, use your build's output directory.
[info] 
[debug] [2025-06-07T17:42:45.241Z] >>> [apiv2][query] GET https://www.gstatic.com/firebasejs/releases.json [none]
[debug] [2025-06-07T17:42:45.459Z] <<< [apiv2][status] GET https://www.gstatic.com/firebasejs/releases.json 200
[debug] [2025-06-07T17:42:45.459Z] <<< [apiv2][body] GET https://www.gstatic.com/firebasejs/releases.json {"current":{"version":"11.9.0","browserURL":"https://www.gstatic.com/firebasejs/11.9.0/firebase.js","packageURL":"https://www.gstatic.com/firebasejs/11.9.0/firebase.tgz"},"live":{"version":"11.9","browserURL":"https://www.gstatic.com/firebasejs/live/11.9/firebase.js","packageURL":"https://www.gstatic.com/firebasejs/live/11.9/firebase.tgz"},"components":{"ai":"https://www.gstatic.com/firebasejs/11.9.0/firebase-ai.js","analytics":"https://www.gstatic.com/firebasejs/11.9.0/firebase-analytics.js","app":"https://www.gstatic.com/firebasejs/11.9.0/firebase-app.js","app-check":"https://www.gstatic.com/firebasejs/11.9.0/firebase-app-check.js","auth":"https://www.gstatic.com/firebasejs/11.9.0/firebase-auth.js","auth/cordova":"https://www.gstatic.com/firebasejs/11.9.0/firebase-auth/cordova.js","auth/web-extension":"https://www.gstatic.com/firebasejs/11.9.0/firebase-auth/web-extension.js","functions":"https://www.gstatic.com/firebasejs/11.9.0/firebase-functions.js","firestore":"https://www.gstatic.com/firebasejs/11.9.0/firebase-firestore.js","firestore/lite":"https://www.gstatic.com/firebasejs/11.9.0/firebase-firestore/lite.js","installations":"https://www.gstatic.com/firebasejs/11.9.0/firebase-installations.js","storage":"https://www.gstatic.com/firebasejs/11.9.0/firebase-storage.js","performance":"https://www.gstatic.com/firebasejs/11.9.0/firebase-performance.js","remote-config":"https://www.gstatic.com/firebasejs/11.9.0/firebase-remote-config.js","messaging":"https://www.gstatic.com/firebasejs/11.9.0/firebase-messaging.js","messaging/sw":"https://www.gstatic.com/firebasejs/11.9.0/firebase-messaging/sw.js","database":"https://www.gstatic.com/firebasejs/11.9.0/firebase-database.js","vertexai":"https://www.gstatic.com/firebasejs/11.9.0/firebase-vertexai.js","data-connect":"https://www.gstatic.com/firebasejs/11.9.0/firebase-data-connect.js","firestore.memory":"https://www.gstatic.com/firebasejs/11.9.0/firebase-firestore.memory.js"}}
[info] i  public/index.html is unchanged 
[info] 
[info] i  Didn't detect a .git folder. Assuming E:\e-qarizdor is the project root. 
[info] i  Authorizing with GitHub to upload your service account to a GitHub repository's secrets store. 
[info] 
[info] Visit this URL on this device to log in:
[info] https://github.com/login/oauth/authorize?client_id=89cf50f02ac6aaed3484&state=828636286&redirect_uri=http%3A%2F%2Flocalhost%3A9005&scope=read%3Auser%20repo%20public_repo
[info] 
[info] Waiting for authentication...
[debug] [2025-06-07T17:42:57.969Z] >>> [apiv2][query] POST https://github.com/login/oauth/access_token [none]
[debug] [2025-06-07T17:42:57.969Z] >>> [apiv2][body] POST https://github.com/login/oauth/access_token [stream]
[debug] [2025-06-07T17:42:58.494Z] <<< [apiv2][status] POST https://github.com/login/oauth/access_token 200
[debug] [2025-06-07T17:42:58.494Z] <<< [apiv2][body] POST https://github.com/login/oauth/access_token {"access_token":"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","token_type":"bearer","scope":"read:user,repo"}
[debug] [2025-06-07T17:42:58.497Z] >>> [apiv2][query] GET https://api.github.com/user [none]
[debug] [2025-06-07T17:42:59.014Z] <<< [apiv2][status] GET https://api.github.com/user 200
[debug] [2025-06-07T17:42:59.015Z] <<< [apiv2][body] GET https://api.github.com/user {"login":"kamoliddinde","id":174360264,"node_id":"U_kgDOCmSGyA","avatar_url":"https://avatars.githubusercontent.com/u/174360264?v=4","gravatar_id":"","url":"https://api.github.com/users/kamoliddinde","html_url":"https://github.com/kamoliddinde","followers_url":"https://api.github.com/users/kamoliddinde/followers","following_url":"https://api.github.com/users/kamoliddinde/following{/other_user}","gists_url":"https://api.github.com/users/kamoliddinde/gists{/gist_id}","starred_url":"https://api.github.com/users/kamoliddinde/starred{/owner}{/repo}","subscriptions_url":"https://api.github.com/users/kamoliddinde/subscriptions","organizations_url":"https://api.github.com/users/kamoliddinde/orgs","repos_url":"https://api.github.com/users/kamoliddinde/repos","events_url":"https://api.github.com/users/kamoliddinde/events{/privacy}","received_events_url":"https://api.github.com/users/kamoliddinde/received_events","type":"User","user_view_type":"private","site_admin":false,"name":null,"company":null,"blog":"","location":null,"email":null,"hireable":null,"bio":null,"twitter_username":null,"notification_email":null,"public_repos":22,"public_gists":0,"followers":2,"following":0,"created_at":"2024-07-01T15:42:17Z","updated_at":"2025-05-31T07:32:45Z","private_gists":0,"total_private_repos":0,"owned_private_repos":0,"disk_usage":27428,"collaborators":0,"two_factor_authentication":false,"plan":{"name":"free","space":976562499,"collaborators":0,"private_repos":10000}}
[info] 
[info] +  Success! Logged into GitHub as kamoliddinde 
[info] 
[debug] [2025-06-07T17:45:31.302Z] >>> [apiv2][query] GET https://api.github.com/repos/kamoliddinde/qarizdorlik/actions/secrets/public-key type=owner
[debug] [2025-06-07T17:45:31.745Z] <<< [apiv2][status] GET https://api.github.com/repos/kamoliddinde/qarizdorlik/actions/secrets/public-key 401
[debug] [2025-06-07T17:45:31.746Z] <<< [apiv2][body] GET https://api.github.com/repos/kamoliddinde/qarizdorlik/actions/secrets/public-key {"message":"Bad credentials","documentation_url":"https://docs.github.com/rest","status":"401"}
[debug] [2025-06-07T17:49:37.279Z] >>> [apiv2][query] GET https://api.github.com/repos/kamoliddinde/e-qarizdorlik/actions/secrets/public-key type=owner
[debug] [2025-06-07T17:49:37.824Z] <<< [apiv2][status] GET https://api.github.com/repos/kamoliddinde/e-qarizdorlik/actions/secrets/public-key 401
[debug] [2025-06-07T17:49:37.824Z] <<< [apiv2][body] GET https://api.github.com/repos/kamoliddinde/e-qarizdorlik/actions/secrets/public-key {"message":"Bad credentials","documentation_url":"https://docs.github.com/rest","status":"401"}
